<?xml version="1.0" encoding="UTF-8"?>
<robot generator="Robot 7.4.2 (Python 3.14.4 on win32)" generated="2026-05-19T09:50:47.317352" rpa="false" schemaversion="5">
<suite id="s1" name="Main" source="C:\Users\USER\Documents\Projects\robot_framework_curso\source\curso\03-Avançado\04-Dashboard\Main.robot">
<test id="s1-t1" name="Test Case 01 - Log To Consolein Success" line="5">
<kw name="Log To Console" owner="BuiltIn">
<arg>Test autentificao</arg>
<doc>Logs the given message to the console.</doc>
<status status="PASS" start="2026-05-19T09:50:47.373916" elapsed="0.000620"/>
</kw>
<kw name="Log To Console" owner="BuiltIn">
<arg>Test 1</arg>
<doc>Logs the given message to the console.</doc>
<status status="PASS" start="2026-05-19T09:50:47.375067" elapsed="0.000505"/>
</kw>
<tag>authentication</tag>
<tag>critical</tag>
<tag>smoke</tag>
<status status="PASS" start="2026-05-19T09:50:47.372710" elapsed="0.003218"/>
</test>
<test id="s1-t2" name="Test Case 02 - User Creation" line="10">
<kw name="Log To Console" owner="BuiltIn">
<arg>Beginning user creation process</arg>
<doc>Logs the given message to the console.</doc>
<status status="PASS" start="2026-05-19T09:50:47.377367" elapsed="0.001085"/>
</kw>
<kw name="Log To Console" owner="BuiltIn">
<arg>Validating user input</arg>
<doc>Logs the given message to the console.</doc>
<status status="PASS" start="2026-05-19T09:50:47.379264" elapsed="0.000760"/>
</kw>
<kw name="Log To Console" owner="BuiltIn">
<arg>User created successfully</arg>
<doc>Logs the given message to the console.</doc>
<status status="PASS" start="2026-05-19T09:50:47.381021" elapsed="0.000646"/>
</kw>
<tag>regression</tag>
<tag>user-management</tag>
<status status="PASS" start="2026-05-19T09:50:47.376753" elapsed="0.005625"/>
</test>
<test id="s1-t3" name="Test Case 03 - Dashboard Load" line="16">
<kw name="Log To Console" owner="BuiltIn">
<arg>Loading dashboard</arg>
<doc>Logs the given message to the console.</doc>
<status status="PASS" start="2026-05-19T09:50:47.384796" elapsed="0.000683"/>
</kw>
<tag>critical</tag>
<tag>performance</tag>
<tag>smoke</tag>
<status status="PASS" start="2026-05-19T09:50:47.383951" elapsed="0.002046"/>
</test>
<test id="s1-t4" name="Test Case 04 - Data Export" line="21">
<kw name="Log To Console" owner="BuiltIn">
<arg>Starting data export</arg>
<doc>Logs the given message to the console.</doc>
<status status="PASS" start="2026-05-19T09:50:47.389645" elapsed="0.004088"/>
</kw>
<tag>critical</tag>
<tag>integration</tag>
<tag>regression</tag>
<status status="PASS" start="2026-05-19T09:50:47.386988" elapsed="0.007195"/>
</test>
<test id="s1-t5" name="Test Case 05 - System Health Check" line="26">
<kw name="Log To Console" owner="BuiltIn">
<arg>Checking system health</arg>
<doc>Logs the given message to the console.</doc>
<status status="PASS" start="2026-05-19T09:50:47.396054" elapsed="0.000553"/>
</kw>
<tag>performance</tag>
<tag>sanity</tag>
<tag>smoke</tag>
<status status="PASS" start="2026-05-19T09:50:47.395223" elapsed="0.001801"/>
</test>
<doc>Dashboard Test Suite with multiple tags for robot-dashboard</doc>
<status status="PASS" start="2026-05-19T09:50:47.319434" elapsed="0.078598"/>
</suite>
<statistics>
<total>
<stat pass="5" fail="0" skip="0">All Tests</stat>
</total>
<tag>
<stat pass="1" fail="0" skip="0">authentication</stat>
<stat pass="3" fail="0" skip="0">critical</stat>
<stat pass="1" fail="0" skip="0">integration</stat>
<stat pass="2" fail="0" skip="0">performance</stat>
<stat pass="2" fail="0" skip="0">regression</stat>
<stat pass="1" fail="0" skip="0">sanity</stat>
<stat pass="3" fail="0" skip="0">smoke</stat>
<stat pass="1" fail="0" skip="0">user-management</stat>
</tag>
<suite>
<stat name="Main" id="s1" pass="5" fail="0" skip="0">Main</stat>
</suite>
</statistics>
<errors>
</errors>
</robot>
